
2025-09-21 20:25:24,051 - INFO - Epoch [0/50] Batch [0/199] D_loss: -5.6973 G_loss: 5.6968
2025-09-21 20:26:12,504 - INFO - 当前搜集到的指标 - Epoch [0/50] Batch [65/199] D_loss: -23.9386, G_loss: 44.0164
2025-09-21 20:26:38,581 - INFO - Epoch [0/50] Batch [100/199] D_loss: -41.2680 G_loss: 15.7673
2025-09-21 20:27:12,913 - INFO - 当前搜集到的指标 - Epoch [0/50] Batch [146/199] D_loss: -30.1969, G_loss: 53.8530
2025-09-21 20:28:02,990 - INFO - Epoch [1/50] Batch [0/199] D_loss: -32.8323 G_loss: 30.7754
2025-09-21 20:28:13,467 - INFO - 当前搜集到的指标 - Epoch [1/50] Batch [14/199] D_loss: -35.4956, G_loss: 50.7186
2025-09-21 20:29:14,163 - INFO - 当前搜集到的指标 - Epoch [1/50] Batch [95/199] D_loss: -33.5931, G_loss: -8.2537
2025-09-21 20:29:17,911 - INFO - Epoch [1/50] Batch [100/199] D_loss: -36.9419 G_loss: 25.8895
2025-09-21 20:30:14,312 - INFO - 当前搜集到的指标 - Epoch [1/50] Batch [175/199] D_loss: -36.2651, G_loss: 30.4960
2025-09-21 20:30:42,136 - INFO - Epoch [2/50] Batch [0/199] D_loss: -28.7284 G_loss: -6.2818
2025-09-21 20:31:14,475 - INFO - 当前搜集到的指标 - Epoch [2/50] Batch [43/199] D_loss: -42.0999, G_loss: 1.5427
2025-09-21 20:31:57,391 - INFO - Epoch [2/50] Batch [100/199] D_loss: -46.7039 G_loss: 9.8729
2025-09-21 20:32:14,710 - INFO - 当前搜集到的指标 - Epoch [2/50] Batch [123/199] D_loss: -47.6200, G_loss: -44.3874
2025-09-21 20:33:21,103 - INFO - 当前搜集到的指标 - Epoch [3/50] Batch [0/199] D_loss: -29.5363, G_loss: -24.3967
2025-09-21 20:33:21,103 - INFO - Epoch [3/50] Batch [0/199] D_loss: -29.5363 G_loss: -24.3967
2025-09-21 20:34:21,353 - INFO - 当前搜集到的指标 - Epoch [3/50] Batch [80/199] D_loss: -45.3087, G_loss: -3.9533
2025-09-21 20:34:36,422 - INFO - Epoch [3/50] Batch [100/199] D_loss: -45.7798 G_loss: 3.0088
2025-09-21 20:35:21,725 - INFO - 当前搜集到的指标 - Epoch [3/50] Batch [160/199] D_loss: -69.2623, G_loss: 4.4060
2025-09-21 20:36:00,268 - INFO - Epoch [4/50] Batch [0/199] D_loss: -54.0676 G_loss: 8.5973
2025-09-21 20:36:22,117 - INFO - 当前搜集到的指标 - Epoch [4/50] Batch [29/199] D_loss: -55.7412, G_loss: 39.6624
2025-09-21 20:37:15,742 - INFO - Epoch [4/50] Batch [100/199] D_loss: -42.0908 G_loss: -32.1932
2025-09-21 20:37:22,544 - INFO - 当前搜集到的指标 - Epoch [4/50] Batch [109/199] D_loss: -55.7283, G_loss: -34.2617
2025-09-21 20:38:23,025 - INFO - 当前搜集到的指标 - Epoch [4/50] Batch [189/199] D_loss: -50.2914, G_loss: -13.6372
2025-09-21 20:38:39,654 - INFO - Epoch [5/50] Batch [0/199] D_loss: -37.9028 G_loss: -13.5140
2025-09-21 20:39:23,498 - INFO - 当前搜集到的指标 - Epoch [5/50] Batch [58/199] D_loss: -75.4282, G_loss: -43.9536
2025-09-21 20:39:55,273 - INFO - Epoch [5/50] Batch [100/199] D_loss: -48.7704 G_loss: 12.0111
2025-09-21 20:40:24,053 - INFO - 当前搜集到的指标 - Epoch [5/50] Batch [138/199] D_loss: -46.3164, G_loss: 37.9584
2025-09-21 20:41:20,613 - INFO - Epoch [6/50] Batch [0/199] D_loss: -50.0258 G_loss: 36.4592
2025-09-21 20:41:24,385 - INFO - 当前搜集到的指标 - Epoch [6/50] Batch [5/199] D_loss: -35.6372, G_loss: 5.1894
2025-09-21 20:42:24,822 - INFO - 当前搜集到的指标 - Epoch [6/50] Batch [85/199] D_loss: -45.7838, G_loss: 15.8192
2025-09-21 20:42:36,169 - INFO - Epoch [6/50] Batch [100/199] D_loss: -31.1112 G_loss: 10.8418
2025-09-21 20:43:25,336 - INFO - 当前搜集到的指标 - Epoch [6/50] Batch [165/199] D_loss: -53.1170, G_loss: 95.5078
2025-09-21 20:44:00,176 - INFO - Epoch [7/50] Batch [0/199] D_loss: -9.5756 G_loss: -10.8390
2025-09-21 20:44:25,813 - INFO - 当前搜集到的指标 - Epoch [7/50] Batch [34/199] D_loss: -78.9488, G_loss: -61.5549
2025-09-21 20:45:15,968 - INFO - Epoch [7/50] Batch [100/199] D_loss: -49.6465 G_loss: 26.3658
2025-09-21 20:45:26,564 - INFO - 当前搜集到的指标 - Epoch [7/50] Batch [114/199] D_loss: -59.5403, G_loss: -26.1254
2025-09-21 20:46:27,104 - INFO - 当前搜集到的指标 - Epoch [7/50] Batch [194/199] D_loss: -32.5260, G_loss: 41.8903
2025-09-21 20:46:39,942 - INFO - Epoch [8/50] Batch [0/199] D_loss: -22.9896 G_loss: -3.2969
2025-09-21 20:47:27,516 - INFO - 当前搜集到的指标 - Epoch [8/50] Batch [63/199] D_loss: -42.0922, G_loss: 45.7645
2025-09-21 20:47:55,525 - INFO - Epoch [8/50] Batch [100/199] D_loss: -41.9375 G_loss: 58.5570
2025-09-21 20:48:28,079 - INFO - 当前搜集到的指标 - Epoch [8/50] Batch [143/199] D_loss: -31.9707, G_loss: 44.7550
2025-09-21 20:49:19,513 - INFO - Epoch [9/50] Batch [0/199] D_loss: -28.6200 G_loss: 39.2434
2025-09-21 20:49:28,571 - INFO - 当前搜集到的指标 - Epoch [9/50] Batch [12/199] D_loss: -35.6616, G_loss: 41.8876
2025-09-21 20:50:29,032 - INFO - 当前搜集到的指标 - Epoch [9/50] Batch [92/199] D_loss: -42.4203, G_loss: 98.0866
2025-09-21 20:50:35,095 - INFO - Epoch [9/50] Batch [100/199] D_loss: -83.5419 G_loss: 31.7542
2025-09-21 20:51:29,095 - INFO - 当前搜集到的指标 - Epoch [9/50] Batch [171/199] D_loss: -72.9719, G_loss: 63.2876
2025-09-21 20:51:59,305 - INFO - Epoch [10/50] Batch [0/199] D_loss: -31.2515 G_loss: 30.2608
2025-09-21 20:52:29,489 - INFO - 当前搜集到的指标 - Epoch [10/50] Batch [40/199] D_loss: -62.6240, G_loss: 2.8954
2025-09-21 20:53:14,902 - INFO - Epoch [10/50] Batch [100/199] D_loss: -43.1050 G_loss: 122.6276
2025-09-21 20:53:30,041 - INFO - 当前搜集到的指标 - Epoch [10/50] Batch [120/199] D_loss: -26.4504, G_loss: 96.6315
2025-09-21 20:54:39,444 - INFO - 当前搜集到的指标 - Epoch [11/50] Batch [0/199] D_loss: -23.0730, G_loss: 61.4407
2025-09-21 20:54:39,445 - INFO - Epoch [11/50] Batch [0/199] D_loss: -23.0730 G_loss: 61.4407
2025-09-21 20:55:39,927 - INFO - 当前搜集到的指标 - Epoch [11/50] Batch [80/199] D_loss: -48.2329, G_loss: 38.1137
2025-09-21 20:55:55,073 - INFO - Epoch [11/50] Batch [100/199] D_loss: -36.5122 G_loss: 39.7116
2025-09-21 20:56:40,521 - INFO - 当前搜集到的指标 - Epoch [11/50] Batch [160/199] D_loss: -54.7281, G_loss: 143.2501
2025-09-21 20:57:19,400 - INFO - Epoch [12/50] Batch [0/199] D_loss: -45.3184 G_loss: 185.1753
2025-09-21 20:57:40,543 - INFO - 当前搜集到的指标 - Epoch [12/50] Batch [28/199] D_loss: -55.2270, G_loss: 169.9155
2025-09-21 20:58:35,019 - INFO - Epoch [12/50] Batch [100/199] D_loss: -33.6214 G_loss: 129.9281
2025-09-21 20:58:41,079 - INFO - 当前搜集到的指标 - Epoch [12/50] Batch [108/199] D_loss: -44.6176, G_loss: 109.1934
2025-09-21 20:59:41,687 - INFO - 当前搜集到的指标 - Epoch [12/50] Batch [188/199] D_loss: -37.3651, G_loss: 143.1864
2025-09-21 20:59:58,971 - INFO - Epoch [13/50] Batch [0/199] D_loss: -29.1015 G_loss: 104.6379
2025-09-21 21:00:42,014 - INFO - 当前搜集到的指标 - Epoch [13/50] Batch [57/199] D_loss: -30.3784, G_loss: 105.2571
2025-09-21 21:01:14,586 - INFO - Epoch [13/50] Batch [100/199] D_loss: -38.8746 G_loss: 136.1902
2025-09-21 21:01:42,618 - INFO - 当前搜集到的指标 - Epoch [13/50] Batch [137/199] D_loss: -25.8473, G_loss: 157.2268
2025-09-21 21:02:38,551 - INFO - Epoch [14/50] Batch [0/199] D_loss: -13.8565 G_loss: 169.5198
2025-09-21 21:02:43,083 - INFO - 当前搜集到的指标 - Epoch [14/50] Batch [6/199] D_loss: -35.7310, G_loss: 107.8268
2025-09-21 21:03:43,592 - INFO - 当前搜集到的指标 - Epoch [14/50] Batch [86/199] D_loss: -35.7412, G_loss: 110.1237
2025-09-21 21:03:54,199 - INFO - Epoch [14/50] Batch [100/199] D_loss: -42.1228 G_loss: 232.7274
2025-09-21 21:04:44,196 - INFO - 当前搜集到的指标 - Epoch [14/50] Batch [166/199] D_loss: -45.8740, G_loss: 243.2325
2025-09-21 21:05:18,125 - INFO - Epoch [15/50] Batch [0/199] D_loss: -11.3878 G_loss: 151.8552
2025-09-21 21:05:44,560 - INFO - 当前搜集到的指标 - Epoch [15/50] Batch [35/199] D_loss: -33.4523, G_loss: 202.3953
2025-09-21 21:06:33,674 - INFO - Epoch [15/50] Batch [100/199] D_loss: -56.9810 G_loss: 263.2180
2025-09-21 21:06:45,016 - INFO - 当前搜集到的指标 - Epoch [15/50] Batch [115/199] D_loss: -27.8614, G_loss: 189.9544
2025-09-21 21:07:45,587 - INFO - 当前搜集到的指标 - Epoch [15/50] Batch [195/199] D_loss: -16.3052, G_loss: 173.7212
2025-09-21 21:07:57,893 - INFO - Epoch [16/50] Batch [0/199] D_loss: -36.8953 G_loss: 169.9174
2025-09-21 21:08:46,243 - INFO - 当前搜集到的指标 - Epoch [16/50] Batch [64/199] D_loss: -24.6490, G_loss: 164.5747
2025-09-21 21:09:13,450 - INFO - Epoch [16/50] Batch [100/199] D_loss: 12.0818 G_loss: 198.2374
2025-09-21 21:09:46,760 - INFO - 当前搜集到的指标 - Epoch [16/50] Batch [144/199] D_loss: -26.0528, G_loss: 169.2781
2025-09-21 21:10:37,261 - INFO - Epoch [17/50] Batch [0/199] D_loss: -5.5326 G_loss: 204.5772
2025-09-21 21:10:47,105 - INFO - 当前搜集到的指标 - Epoch [17/50] Batch [13/199] D_loss: -46.0343, G_loss: 204.9645
2025-09-21 21:11:47,240 - INFO - 当前搜集到的指标 - Epoch [17/50] Batch [92/199] D_loss: -55.1412, G_loss: 174.1055
2025-09-21 21:11:53,305 - INFO - Epoch [17/50] Batch [100/199] D_loss: -41.4293 G_loss: 181.1552
2025-09-21 21:12:47,858 - INFO - 当前搜集到的指标 - Epoch [17/50] Batch [172/199] D_loss: -33.8520, G_loss: 175.7161
2025-09-21 21:13:17,202 - INFO - Epoch [18/50] Batch [0/199] D_loss: -21.1124 G_loss: 164.0781
2025-09-21 21:13:48,174 - INFO - 当前搜集到的指标 - Epoch [18/50] Batch [41/199] D_loss: -43.7205, G_loss: 163.7843
2025-09-21 21:14:32,800 - INFO - Epoch [18/50] Batch [100/199] D_loss: 23.2097 G_loss: 187.2146
2025-09-21 21:14:48,716 - INFO - 当前搜集到的指标 - Epoch [18/50] Batch [121/199] D_loss: -37.4539, G_loss: 275.1191
2025-09-21 21:15:56,578 - INFO - 当前搜集到的指标 - Epoch [19/50] Batch [0/199] D_loss: -31.6244, G_loss: 188.4408
2025-09-21 21:15:56,579 - INFO - Epoch [19/50] Batch [0/199] D_loss: -31.6244 G_loss: 188.4408
2025-09-21 21:16:57,021 - INFO - 当前搜集到的指标 - Epoch [19/50] Batch [80/199] D_loss: -18.6533, G_loss: 169.5713
2025-09-21 21:17:12,147 - INFO - Epoch [19/50] Batch [100/199] D_loss: -54.7489 G_loss: 230.0990
2025-09-21 21:17:57,617 - INFO - 当前搜集到的指标 - Epoch [19/50] Batch [160/199] D_loss: -22.9653, G_loss: 174.4782
2025-09-21 21:18:36,144 - INFO - Epoch [20/50] Batch [0/199] D_loss: -18.6185 G_loss: 252.8865
2025-09-21 21:18:58,055 - INFO - 当前搜集到的指标 - Epoch [20/50] Batch [29/199] D_loss: -37.5092, G_loss: 172.9899
2025-09-21 21:19:51,785 - INFO - Epoch [20/50] Batch [100/199] D_loss: -23.7569 G_loss: 203.3395
2025-09-21 21:19:58,604 - INFO - 当前搜集到的指标 - Epoch [20/50] Batch [109/199] D_loss: -53.7787, G_loss: 300.4272
2025-09-21 21:20:59,243 - INFO - 当前搜集到的指标 - Epoch [20/50] Batch [189/199] D_loss: -32.2283, G_loss: 246.4426
2025-09-21 21:21:16,501 - INFO - Epoch [21/50] Batch [0/199] D_loss: -15.2355 G_loss: 220.1572
2025-09-21 21:21:59,585 - INFO - 当前搜集到的指标 - Epoch [21/50] Batch [57/199] D_loss: -105.2659, G_loss: 282.7513
2025-09-21 21:22:32,163 - INFO - Epoch [21/50] Batch [100/199] D_loss: -153.3314 G_loss: 84.0026
2025-09-21 21:23:00,201 - INFO - 当前搜集到的指标 - Epoch [21/50] Batch [137/199] D_loss: -20.1901, G_loss: 236.5488
